<?xml version="1.0" encoding="UTF-8"?>
<!-- Generated by org.testng.reporters.JUnitXMLReporter -->
<testsuite hostname="DESKTOP-5S8EGS3" name="Surefire test" tests="3" failures="0" timestamp="13 Apr 2021 21:02:42 GMT" time="14.673" errors="0">
  <testcase name="testAdd" time="0.01" classname="test.com.CalculatorTest"/>
  <testcase name="testIndeed" time="6.017" classname="test.com.CalculatorTest"/>
  <testcase name="testMul" time="0.0" classname="test.com.CalculatorTest"/>
</testsuite> <!-- Surefire test -->
