<?xml version="1.0" encoding="UTF-8"?>
<testng-results skipped="0" failed="0" total="3" passed="3">
  <reporter-output>
  </reporter-output>
  <suite name="Surefire suite" duration-ms="14673" started-at="2021-04-13T21:02:27Z" finished-at="2021-04-13T21:02:42Z">
    <groups>
    </groups>
    <test name="Surefire test" duration-ms="14673" started-at="2021-04-13T21:02:27Z" finished-at="2021-04-13T21:02:42Z">
      <class name="test.com.CalculatorTest">
        <test-method status="PASS" signature="setUpClass()[pri:0, instance:test.com.CalculatorTest@3d24753a]" name="setUpClass" is-config="true" duration-ms="38" started-at="2021-04-13T16:02:27Z" finished-at="2021-04-13T16:02:27Z">
          <reporter-output>
          </reporter-output>
        </test-method> <!-- setUpClass -->
        <test-method status="PASS" signature="setUpMethod()[pri:0, instance:test.com.CalculatorTest@3d24753a]" name="setUpMethod" is-config="true" duration-ms="4429" started-at="2021-04-13T16:02:27Z" finished-at="2021-04-13T16:02:32Z">
          <reporter-output>
          </reporter-output>
        </test-method> <!-- setUpMethod -->
        <test-method status="PASS" signature="testAdd()[pri:0, instance:test.com.CalculatorTest@3d24753a]" name="testAdd" duration-ms="10" started-at="2021-04-13T16:02:32Z" finished-at="2021-04-13T16:02:32Z">
          <reporter-output>
          </reporter-output>
        </test-method> <!-- testAdd -->
        <test-method status="PASS" signature="tearDownMethod()[pri:0, instance:test.com.CalculatorTest@3d24753a]" name="tearDownMethod" is-config="true" duration-ms="1" started-at="2021-04-13T16:02:32Z" finished-at="2021-04-13T16:02:32Z">
          <reporter-output>
          </reporter-output>
        </test-method> <!-- tearDownMethod -->
        <test-method status="PASS" signature="setUpMethod()[pri:0, instance:test.com.CalculatorTest@3d24753a]" name="setUpMethod" is-config="true" duration-ms="2285" started-at="2021-04-13T16:02:32Z" finished-at="2021-04-13T16:02:34Z">
          <reporter-output>
          </reporter-output>
        </test-method> <!-- setUpMethod -->
        <test-method status="PASS" signature="testIndeed()[pri:0, instance:test.com.CalculatorTest@3d24753a]" name="testIndeed" duration-ms="6017" started-at="2021-04-13T16:02:34Z" finished-at="2021-04-13T16:02:40Z">
          <reporter-output>
          </reporter-output>
        </test-method> <!-- testIndeed -->
        <test-method status="PASS" signature="tearDownMethod()[pri:0, instance:test.com.CalculatorTest@3d24753a]" name="tearDownMethod" is-config="true" duration-ms="0" started-at="2021-04-13T16:02:40Z" finished-at="2021-04-13T16:02:40Z">
          <reporter-output>
          </reporter-output>
        </test-method> <!-- tearDownMethod -->
        <test-method status="PASS" signature="setUpMethod()[pri:0, instance:test.com.CalculatorTest@3d24753a]" name="setUpMethod" is-config="true" duration-ms="1867" started-at="2021-04-13T16:02:40Z" finished-at="2021-04-13T16:02:42Z">
          <reporter-output>
          </reporter-output>
        </test-method> <!-- setUpMethod -->
        <test-method status="PASS" signature="testMul()[pri:0, instance:test.com.CalculatorTest@3d24753a]" name="testMul" duration-ms="0" started-at="2021-04-13T16:02:42Z" finished-at="2021-04-13T16:02:42Z">
          <reporter-output>
          </reporter-output>
        </test-method> <!-- testMul -->
        <test-method status="PASS" signature="tearDownMethod()[pri:0, instance:test.com.CalculatorTest@3d24753a]" name="tearDownMethod" is-config="true" duration-ms="0" started-at="2021-04-13T16:02:42Z" finished-at="2021-04-13T16:02:42Z">
          <reporter-output>
          </reporter-output>
        </test-method> <!-- tearDownMethod -->
        <test-method status="PASS" signature="tearDownClass()[pri:0, instance:test.com.CalculatorTest@3d24753a]" name="tearDownClass" is-config="true" duration-ms="0" started-at="2021-04-13T16:02:42Z" finished-at="2021-04-13T16:02:42Z">
          <reporter-output>
          </reporter-output>
        </test-method> <!-- tearDownClass -->
      </class> <!-- test.com.CalculatorTest -->
    </test> <!-- Surefire test -->
  </suite> <!-- Surefire suite -->
</testng-results>
